<?xml version="1.0" encoding="UTF-8"?>
<!-- Generated by org.testng.reporters.JUnitReportReporter -->
<testsuite hostname="DESKTOP-Q05F3L3" failures="0" tests="1" name="TestCases.VerifyLoginTestCase" time="6.627" errors="0" timestamp="2022-08-30T19:23:59 IST" skipped="0">
  <testcase classname="TestCases.VerifyLoginTestCase" name="login" time="6.627"/>
  <system-out/>
</testsuite> <!-- TestCases.VerifyLoginTestCase -->
