<?xml version="1.0" encoding="UTF-8"?>
<!-- Generated by org.testng.reporters.JUnitReportReporter -->
<testsuite hostname="DESKTOP-Q05F3L3" failures="0" tests="1" name="TestCases.VerifySiggnUpTestCase" time="162.416" errors="0" timestamp="2022-08-30T19:26:59 IST" skipped="0">
  <testcase classname="TestCases.VerifySiggnUpTestCase" name="SignUp" time="162.416"/>
  <system-out/>
</testsuite> <!-- TestCases.VerifySiggnUpTestCase -->
